2023/09/26 19:13:37 [notice] 1#1: using the "epoll" event method
2023/09/26 19:13:37 [notice] 1#1: nginx/1.20.2
2023/09/26 19:13:37 [notice] 1#1: built by gcc 10.2.1 20210110 (Debian 10.2.1-6) 
2023/09/26 19:13:37 [notice] 1#1: OS: Linux 5.10.16.3-microsoft-standard-WSL2
2023/09/26 19:13:37 [notice] 1#1: getrlimit(RLIMIT_NOFILE): 1048576:1048576
2023/09/26 19:13:37 [notice] 1#1: start worker processes
2023/09/26 19:13:37 [notice] 1#1: start worker process 30
2023/09/26 19:13:37 [notice] 1#1: start worker process 31
2023/09/26 19:13:37 [notice] 1#1: start worker process 32
2023/09/26 19:13:37 [notice] 1#1: start worker process 33
2023/09/26 19:15:19 [notice] 1#1: signal 3 (SIGQUIT) received, shutting down
2023/09/26 19:15:19 [notice] 30#30: gracefully shutting down
2023/09/26 19:15:19 [notice] 31#31: gracefully shutting down
2023/09/26 19:15:19 [notice] 33#33: gracefully shutting down
2023/09/26 19:15:19 [notice] 31#31: exiting
2023/09/26 19:15:19 [notice] 33#33: exiting
2023/09/26 19:15:19 [notice] 30#30: exiting
2023/09/26 19:15:19 [notice] 31#31: exit
2023/09/26 19:15:19 [notice] 33#33: exit
2023/09/26 19:15:19 [notice] 30#30: exit
2023/09/26 19:15:19 [notice] 32#32: gracefully shutting down
2023/09/26 19:15:19 [notice] 32#32: exiting
2023/09/26 19:15:19 [notice] 32#32: exit
2023/09/26 19:15:19 [notice] 1#1: signal 17 (SIGCHLD) received from 31
2023/09/26 19:15:19 [notice] 1#1: worker process 31 exited with code 0
2023/09/26 19:15:19 [notice] 1#1: worker process 32 exited with code 0
2023/09/26 19:15:19 [notice] 1#1: worker process 33 exited with code 0
2023/09/26 19:15:19 [notice] 1#1: signal 29 (SIGIO) received
2023/09/26 19:15:19 [notice] 1#1: signal 17 (SIGCHLD) received from 32
2023/09/26 19:15:19 [notice] 1#1: signal 17 (SIGCHLD) received from 30
2023/09/26 19:15:19 [notice] 1#1: worker process 30 exited with code 0
2023/09/26 19:15:19 [notice] 1#1: exit
2023/09/26 19:25:54 [notice] 1#1: using the "epoll" event method
2023/09/26 19:25:54 [notice] 1#1: nginx/1.20.2
2023/09/26 19:25:54 [notice] 1#1: built by gcc 10.2.1 20210110 (Debian 10.2.1-6) 
2023/09/26 19:25:54 [notice] 1#1: OS: Linux 5.10.16.3-microsoft-standard-WSL2
2023/09/26 19:25:54 [notice] 1#1: getrlimit(RLIMIT_NOFILE): 1048576:1048576
2023/09/26 19:25:54 [notice] 1#1: start worker processes
2023/09/26 19:25:54 [notice] 1#1: start worker process 30
2023/09/26 19:25:54 [notice] 1#1: start worker process 31
2023/09/26 19:25:54 [notice] 1#1: start worker process 32
2023/09/26 19:25:54 [notice] 1#1: start worker process 33
2023/09/26 19:29:01 [notice] 1#1: signal 3 (SIGQUIT) received, shutting down
2023/09/26 19:29:01 [notice] 30#30: gracefully shutting down
2023/09/26 19:29:01 [notice] 32#32: gracefully shutting down
2023/09/26 19:29:01 [notice] 30#30: exiting
2023/09/26 19:29:01 [notice] 32#32: exiting
2023/09/26 19:29:01 [notice] 30#30: exit
2023/09/26 19:29:01 [notice] 32#32: exit
2023/09/26 19:29:01 [notice] 33#33: gracefully shutting down
2023/09/26 19:29:01 [notice] 33#33: exiting
2023/09/26 19:29:01 [notice] 33#33: exit
2023/09/26 19:29:01 [notice] 31#31: gracefully shutting down
2023/09/26 19:29:01 [notice] 31#31: exiting
2023/09/26 19:29:01 [notice] 31#31: exit
2023/09/26 19:29:01 [notice] 1#1: signal 17 (SIGCHLD) received from 30
2023/09/26 19:29:01 [notice] 1#1: worker process 30 exited with code 0
2023/09/26 19:29:01 [notice] 1#1: worker process 31 exited with code 0
2023/09/26 19:29:01 [notice] 1#1: worker process 32 exited with code 0
2023/09/26 19:29:01 [notice] 1#1: worker process 33 exited with code 0
2023/09/26 19:29:01 [notice] 1#1: exit
2023/09/26 19:29:32 [notice] 1#1: using the "epoll" event method
2023/09/26 19:29:32 [notice] 1#1: nginx/1.20.2
2023/09/26 19:29:32 [notice] 1#1: built by gcc 10.2.1 20210110 (Debian 10.2.1-6) 
2023/09/26 19:29:32 [notice] 1#1: OS: Linux 5.10.16.3-microsoft-standard-WSL2
2023/09/26 19:29:32 [notice] 1#1: getrlimit(RLIMIT_NOFILE): 1048576:1048576
2023/09/26 19:29:32 [notice] 1#1: start worker processes
2023/09/26 19:29:32 [notice] 1#1: start worker process 30
2023/09/26 19:29:32 [notice] 1#1: start worker process 31
2023/09/26 19:29:32 [notice] 1#1: start worker process 32
2023/09/26 19:29:32 [notice] 1#1: start worker process 33
2023/09/26 19:35:13 [notice] 1#1: signal 3 (SIGQUIT) received, shutting down
2023/09/26 19:35:13 [notice] 32#32: gracefully shutting down
2023/09/26 19:35:13 [notice] 32#32: exiting
2023/09/26 19:35:13 [notice] 32#32: exit
2023/09/26 19:35:13 [notice] 33#33: gracefully shutting down
2023/09/26 19:35:13 [notice] 33#33: exiting
2023/09/26 19:35:13 [notice] 33#33: exit
2023/09/26 19:35:13 [notice] 30#30: gracefully shutting down
2023/09/26 19:35:13 [notice] 30#30: exiting
2023/09/26 19:35:13 [notice] 30#30: exit
2023/09/26 19:35:13 [notice] 31#31: gracefully shutting down
2023/09/26 19:35:13 [notice] 31#31: exiting
2023/09/26 19:35:13 [notice] 31#31: exit
2023/09/26 19:35:13 [notice] 1#1: signal 17 (SIGCHLD) received from 32
2023/09/26 19:35:13 [notice] 1#1: worker process 30 exited with code 0
2023/09/26 19:35:13 [notice] 1#1: worker process 31 exited with code 0
2023/09/26 19:35:13 [notice] 1#1: worker process 32 exited with code 0
2023/09/26 19:35:13 [notice] 1#1: signal 29 (SIGIO) received
2023/09/26 19:35:13 [notice] 1#1: signal 17 (SIGCHLD) received from 33
2023/09/26 19:35:13 [notice] 1#1: worker process 33 exited with code 0
2023/09/26 19:35:13 [notice] 1#1: exit
2023/09/26 19:35:17 [notice] 1#1: using the "epoll" event method
2023/09/26 19:35:17 [notice] 1#1: nginx/1.20.2
2023/09/26 19:35:17 [notice] 1#1: built by gcc 10.2.1 20210110 (Debian 10.2.1-6) 
2023/09/26 19:35:17 [notice] 1#1: OS: Linux 5.10.16.3-microsoft-standard-WSL2
2023/09/26 19:35:17 [notice] 1#1: getrlimit(RLIMIT_NOFILE): 1048576:1048576
2023/09/26 19:35:17 [notice] 1#1: start worker processes
2023/09/26 19:35:17 [notice] 1#1: start worker process 30
2023/09/26 19:35:17 [notice] 1#1: start worker process 31
2023/09/26 19:35:17 [notice] 1#1: start worker process 32
2023/09/26 19:35:17 [notice] 1#1: start worker process 33
2023/09/26 19:41:55 [notice] 1#1: signal 3 (SIGQUIT) received, shutting down
2023/09/26 19:41:55 [notice] 30#30: gracefully shutting down
2023/09/26 19:41:55 [notice] 32#32: gracefully shutting down
2023/09/26 19:41:55 [notice] 30#30: exiting
2023/09/26 19:41:55 [notice] 32#32: exiting
2023/09/26 19:41:55 [notice] 30#30: exit
2023/09/26 19:41:55 [notice] 32#32: exit
2023/09/26 19:41:55 [notice] 33#33: gracefully shutting down
2023/09/26 19:41:55 [notice] 33#33: exiting
2023/09/26 19:41:55 [notice] 33#33: exit
2023/09/26 19:41:55 [notice] 31#31: gracefully shutting down
2023/09/26 19:41:55 [notice] 31#31: exiting
2023/09/26 19:41:55 [notice] 31#31: exit
2023/09/26 19:41:55 [notice] 1#1: signal 17 (SIGCHLD) received from 30
2023/09/26 19:41:55 [notice] 1#1: worker process 30 exited with code 0
2023/09/26 19:41:55 [notice] 1#1: worker process 31 exited with code 0
2023/09/26 19:41:55 [notice] 1#1: worker process 32 exited with code 0
2023/09/26 19:41:55 [notice] 1#1: worker process 33 exited with code 0
2023/09/26 19:41:55 [notice] 1#1: exit
2023/09/27 13:08:23 [notice] 1#1: using the "epoll" event method
2023/09/27 13:08:23 [notice] 1#1: nginx/1.20.2
2023/09/27 13:08:23 [notice] 1#1: built by gcc 10.2.1 20210110 (Debian 10.2.1-6) 
2023/09/27 13:08:23 [notice] 1#1: OS: Linux 5.10.16.3-microsoft-standard-WSL2
2023/09/27 13:08:23 [notice] 1#1: getrlimit(RLIMIT_NOFILE): 1048576:1048576
2023/09/27 13:08:23 [notice] 1#1: start worker processes
2023/09/27 13:08:23 [notice] 1#1: start worker process 30
2023/09/27 13:08:23 [notice] 1#1: start worker process 31
2023/09/27 13:08:23 [notice] 1#1: start worker process 32
2023/09/27 13:08:23 [notice] 1#1: start worker process 33
2023/09/27 13:08:41 [notice] 1#1: signal 3 (SIGQUIT) received, shutting down
2023/09/27 13:08:41 [notice] 31#31: gracefully shutting down
2023/09/27 13:08:41 [notice] 32#32: gracefully shutting down
2023/09/27 13:08:41 [notice] 30#30: gracefully shutting down
2023/09/27 13:08:41 [notice] 31#31: exiting
2023/09/27 13:08:41 [notice] 32#32: exiting
2023/09/27 13:08:41 [notice] 31#31: exit
2023/09/27 13:08:41 [notice] 32#32: exit
2023/09/27 13:08:41 [notice] 30#30: exiting
2023/09/27 13:08:41 [notice] 30#30: exit
2023/09/27 13:08:41 [notice] 33#33: gracefully shutting down
2023/09/27 13:08:41 [notice] 33#33: exiting
2023/09/27 13:08:41 [notice] 33#33: exit
2023/09/27 13:08:41 [notice] 1#1: signal 17 (SIGCHLD) received from 31
2023/09/27 13:08:41 [notice] 1#1: worker process 31 exited with code 0
2023/09/27 13:08:41 [notice] 1#1: signal 29 (SIGIO) received
2023/09/27 13:08:41 [notice] 1#1: signal 17 (SIGCHLD) received from 32
2023/09/27 13:08:41 [notice] 1#1: worker process 30 exited with code 0
2023/09/27 13:08:41 [notice] 1#1: worker process 32 exited with code 0
2023/09/27 13:08:41 [notice] 1#1: signal 29 (SIGIO) received
2023/09/27 13:08:41 [notice] 1#1: signal 17 (SIGCHLD) received from 30
2023/09/27 13:08:41 [notice] 1#1: signal 17 (SIGCHLD) received from 33
2023/09/27 13:08:41 [notice] 1#1: worker process 33 exited with code 0
2023/09/27 13:08:41 [notice] 1#1: exit
2023/09/28 17:00:14 [notice] 1#1: using the "epoll" event method
2023/09/28 17:00:14 [notice] 1#1: nginx/1.20.2
2023/09/28 17:00:14 [notice] 1#1: built by gcc 10.2.1 20210110 (Debian 10.2.1-6) 
2023/09/28 17:00:14 [notice] 1#1: OS: Linux 5.10.16.3-microsoft-standard-WSL2
2023/09/28 17:00:14 [notice] 1#1: getrlimit(RLIMIT_NOFILE): 1048576:1048576
2023/09/28 17:00:14 [notice] 1#1: start worker processes
2023/09/28 17:00:14 [notice] 1#1: start worker process 30
2023/09/28 17:00:14 [notice] 1#1: start worker process 31
2023/09/28 17:00:14 [notice] 1#1: start worker process 32
2023/09/28 17:00:14 [notice] 1#1: start worker process 33
2023/09/28 17:04:25 [notice] 1#1: signal 3 (SIGQUIT) received, shutting down
2023/09/28 17:04:25 [notice] 32#32: gracefully shutting down
2023/09/28 17:04:25 [notice] 30#30: gracefully shutting down
2023/09/28 17:04:25 [notice] 32#32: exiting
2023/09/28 17:04:25 [notice] 30#30: exiting
2023/09/28 17:04:25 [notice] 30#30: exit
2023/09/28 17:04:25 [notice] 32#32: exit
2023/09/28 17:04:25 [notice] 31#31: gracefully shutting down
2023/09/28 17:04:25 [notice] 33#33: gracefully shutting down
2023/09/28 17:04:25 [notice] 31#31: exiting
2023/09/28 17:04:25 [notice] 33#33: exiting
2023/09/28 17:04:25 [notice] 31#31: exit
2023/09/28 17:04:25 [notice] 33#33: exit
2023/09/28 17:04:25 [notice] 1#1: signal 17 (SIGCHLD) received from 32
2023/09/28 17:04:25 [notice] 1#1: worker process 32 exited with code 0
2023/09/28 17:04:25 [notice] 1#1: worker process 33 exited with code 0
2023/09/28 17:04:25 [notice] 1#1: signal 29 (SIGIO) received
2023/09/28 17:04:25 [notice] 1#1: signal 17 (SIGCHLD) received from 30
2023/09/28 17:04:25 [notice] 1#1: worker process 30 exited with code 0
2023/09/28 17:04:25 [notice] 1#1: signal 29 (SIGIO) received
2023/09/28 17:04:25 [notice] 1#1: signal 17 (SIGCHLD) received from 31
2023/09/28 17:04:25 [notice] 1#1: worker process 31 exited with code 0
2023/09/28 17:04:25 [notice] 1#1: exit
2023/09/28 17:08:34 [notice] 1#1: using the "epoll" event method
2023/09/28 17:08:34 [notice] 1#1: nginx/1.20.2
2023/09/28 17:08:34 [notice] 1#1: built by gcc 10.2.1 20210110 (Debian 10.2.1-6) 
2023/09/28 17:08:34 [notice] 1#1: OS: Linux 5.10.16.3-microsoft-standard-WSL2
2023/09/28 17:08:34 [notice] 1#1: getrlimit(RLIMIT_NOFILE): 1048576:1048576
2023/09/28 17:08:34 [notice] 1#1: start worker processes
2023/09/28 17:08:34 [notice] 1#1: start worker process 30
2023/09/28 17:08:34 [notice] 1#1: start worker process 31
2023/09/28 17:08:34 [notice] 1#1: start worker process 32
2023/09/28 17:08:34 [notice] 1#1: start worker process 33
2023/09/28 17:14:45 [error] 30#30: *4 open() "/var/www/html/favicon.ico" failed (2: No such file or directory), client: 172.18.0.1, server: , request: "GET /favicon.ico HTTP/1.1", host: "localhost", referrer: "http://localhost/"
2023/09/28 17:21:29 [notice] 1#1: signal 3 (SIGQUIT) received, shutting down
2023/09/28 17:21:29 [notice] 30#30: gracefully shutting down
2023/09/28 17:21:29 [notice] 32#32: gracefully shutting down
2023/09/28 17:21:29 [notice] 32#32: exiting
2023/09/28 17:21:29 [notice] 30#30: exiting
2023/09/28 17:21:29 [notice] 30#30: exit
2023/09/28 17:21:29 [notice] 32#32: exit
2023/09/28 17:21:29 [notice] 31#31: gracefully shutting down
2023/09/28 17:21:29 [notice] 31#31: exiting
2023/09/28 17:21:29 [notice] 31#31: exit
2023/09/28 17:21:29 [notice] 33#33: gracefully shutting down
2023/09/28 17:21:29 [notice] 33#33: exiting
2023/09/28 17:21:29 [notice] 33#33: exit
2023/09/28 17:21:29 [notice] 1#1: signal 17 (SIGCHLD) received from 31
2023/09/28 17:21:29 [notice] 1#1: worker process 30 exited with code 0
2023/09/28 17:21:29 [notice] 1#1: worker process 31 exited with code 0
2023/09/28 17:21:29 [notice] 1#1: signal 29 (SIGIO) received
2023/09/28 17:21:29 [notice] 1#1: signal 17 (SIGCHLD) received from 32
2023/09/28 17:21:29 [notice] 1#1: worker process 32 exited with code 0
2023/09/28 17:21:29 [notice] 1#1: signal 29 (SIGIO) received
2023/09/28 17:21:29 [notice] 1#1: signal 17 (SIGCHLD) received from 33
2023/09/28 17:21:29 [notice] 1#1: worker process 33 exited with code 0
2023/09/28 17:21:29 [notice] 1#1: exit
